c:\users\moroz\documents\c++\vs\casino\casino\x64\debug\vc143.pdb
c:\users\moroz\documents\c++\vs\casino\casino\x64\debug\vc143.idb
c:\users\moroz\documents\c++\vs\casino\casino\x64\debug\slot_machine.obj
c:\users\moroz\documents\c++\vs\casino\casino\x64\debug\roulette.obj
c:\users\moroz\documents\c++\vs\casino\casino\x64\debug\player.obj
c:\users\moroz\documents\c++\vs\casino\casino\x64\debug\main.obj
c:\users\moroz\documents\c++\vs\casino\casino\x64\debug\icasino.obj
c:\users\moroz\documents\c++\vs\casino\x64\debug\casino.exe
c:\users\moroz\documents\c++\vs\casino\casino\x64\debug\casino.ilk
c:\users\moroz\documents\c++\vs\casino\x64\debug\casino.pdb
c:\users\morozovav\desktop\learn\c++\casino\casino\x64\debug\icasino.obj
c:\users\morozovav\desktop\learn\c++\casino\casino\x64\debug\main.obj
c:\users\morozovav\desktop\learn\c++\casino\casino\x64\debug\player.obj
c:\users\morozovav\desktop\learn\c++\casino\casino\x64\debug\roulette.obj
c:\users\morozovav\desktop\learn\c++\casino\casino\x64\debug\slot_machine.obj
c:\users\morozovav\desktop\learn\c++\casino\casino\x64\debug\casino.ilk
c:\users\morozovav\desktop\learn\c++\casino\casino\x64\debug\vc143.idb
c:\users\morozovav\desktop\learn\c++\casino\casino\x64\debug\vc143.pdb
c:\users\morozovav\desktop\learn\c++\casino\x64\debug\casino.pdb
c:\users\morozovav\desktop\learn\c++\casino\x64\debug\casino.exe
c:\users\morozovav\desktop\learn\c++\casino\casino\x64\debug\casino.tlog\cl.command.1.tlog
c:\users\morozovav\desktop\learn\c++\casino\casino\x64\debug\casino.tlog\cl.read.1.tlog
c:\users\morozovav\desktop\learn\c++\casino\casino\x64\debug\casino.tlog\cl.write.1.tlog
c:\users\morozovav\desktop\learn\c++\casino\casino\x64\debug\casino.tlog\link.command.1.tlog
c:\users\morozovav\desktop\learn\c++\casino\casino\x64\debug\casino.tlog\link.read.1.tlog
c:\users\morozovav\desktop\learn\c++\casino\casino\x64\debug\casino.tlog\link.write.1.tlog
